<?xml version="1.0" encoding="UTF-8"?>
<!-- Generated by org.testng.reporters.JUnitReportReporter -->
<testsuite hostname="MacBook-Air-Aleksej.local" failures="0" tests="4" name="ru.netology.RepoTest" time="0.032" errors="0" timestamp="2023-01-13T00:24:30 MSK" skipped="0">
  <testcase classname="ru.netology.RepoTest" name="testRemoveByIdExists" time="0.024"/>
  <system-out/>
  <testcase classname="ru.netology.RepoTest" name="testViewEx" time="0.001"/>
  <system-out/>
  <testcase classname="ru.netology.RepoTest" name="testSaveProduct" time="0.001"/>
  <system-out/>
  <testcase classname="ru.netology.RepoTest" name="testSaveEx" time="0.006"/>
  <system-out/>
</testsuite> <!-- ru.netology.RepoTest -->
