<?xml version="1.0" encoding="UTF-8"?>
<!-- Generated by org.testng.reporters.JUnitReportReporter -->
<testsuite hostname="MacBook-Air-Aleksej.local" failures="0" tests="8" name="ru.netology.ProductManagerTest" time="0.053" errors="0" timestamp="2023-01-13T00:24:30 MSK" skipped="0">
  <testcase classname="ru.netology.ProductManagerTest" name="shouldSearchBySmart" time="0.002"/>
  <system-out/>
  <testcase classname="ru.netology.ProductManagerTest" name="shouldSearchByTwoExist" time="0.002"/>
  <system-out/>
  <testcase classname="ru.netology.ProductManagerTest" name="shouldSearchByExistBook" time="0.001"/>
  <system-out/>
  <testcase classname="ru.netology.ProductManagerTest" name="shouldSearchByBook" time="0.037"/>
  <system-out/>
  <testcase classname="ru.netology.ProductManagerTest" name="shouldSearchByNotExist" time="0.001"/>
  <system-out/>
  <testcase classname="ru.netology.ProductManagerTest" name="shouldSearchByExistSmart" time="0.000"/>
  <system-out/>
  <testcase classname="ru.netology.ProductManagerTest" name="shouldSearchByExist" time="0.002"/>
  <system-out/>
  <testcase classname="ru.netology.ProductManagerTest" name="testAddProduct" time="0.008"/>
  <system-out/>
</testsuite> <!-- ru.netology.ProductManagerTest -->
